<?xml version="1.0" encoding="UTF-8"?>
<testsuite xmlns:xsi="http://www.w3.org/2001/XMLSchema-instance" xsi:noNamespaceSchemaLocation="https://maven.apache.org/surefire/maven-surefire-plugin/xsd/surefire-test-report.xsd" name="com.sg.vendingmachine.service.VendingMachineServiceLayerImplTest" time="0.517" tests="6" errors="0" skipped="0" failures="0">
  <properties>
[...]
</properties>
  <testcase name="testGetInvalidChanges" classname="com.sg.vendingmachine.service.VendingMachineServiceLayerImplTest" time="0.016"/>
  <testcase name="testGetItemNotFound" classname="com.sg.vendingmachine.service.VendingMachineServiceLayerImplTest" time="0.004"/>
  <testcase name="testGetAllItem" classname="com.sg.vendingmachine.service.VendingMachineServiceLayerImplTest" time="0.007"/>
  <testcase name="testGetItemSoldOut" classname="com.sg.vendingmachine.service.VendingMachineServiceLayerImplTest" time="0.001"/>
  <testcase name="testGetValidItem" classname="com.sg.vendingmachine.service.VendingMachineServiceLayerImplTest" time="0"/>
  <testcase name="testGetValidChanges" classname="com.sg.vendingmachine.service.VendingMachineServiceLayerImplTest" time="0.002"/>
</testsuite>